<?xml version="1.0" encoding="UTF-8"?>
<!-- Generated by org.testng.reporters.JUnitReportReporter -->
<testsuite hostname="test-Latitude-E5520" name="com.EjMail.TestPrintSubjectImpar" tests="1" failures="0" timestamp="22 Mar 2018 22:26:21 GMT" time="22.229" errors="0">
  <testcase name="mailList" time="22.229" classname="com.EjMail.TestPrintSubjectImpar"/>
</testsuite> <!-- com.EjMail.TestPrintSubjectImpar -->
