<?xml version="1.0" encoding="UTF-8"?>
<!-- Generated by org.testng.reporters.JUnitReportReporter -->
<testsuite hostname="SD300817-VAIO" name="com.PedidosYa.TestPedidosYa" tests="1" failures="0" timestamp="23 Mar 2018 03:53:38 GMT" time="69.547" errors="0">
  <testcase name="makeOrder" time="69.547" classname="com.PedidosYa.TestPedidosYa"/>
</testsuite> <!-- com.PedidosYa.TestPedidosYa -->
