<?xml version="1.0" encoding="UTF-8"?>
<!-- Generated by org.testng.reporters.JUnitReportReporter -->
<testsuite skipped="0" hostname="test-Latitude-E5520" name="TestSpam.TestSpam" tests="1" failures="0" timestamp="22 mar 2018 22:40:01 GMT" time="7.057" errors="0">
  <testcase name="TestPedidosYa" time="7.057" classname="TestSpam.TestSpam"/>
</testsuite> <!-- TestSpam.TestSpam -->
