<?xml version="1.0" encoding="UTF-8"?>
<!-- Generated by org.testng.reporters.JUnitReportReporter -->
<testsuite skipped="0" hostname="test-Latitude-E5520" name="TestMail.TestSpam" tests="1" failures="0" timestamp="22 mar 2018 22:54:31 GMT" time="6.751" errors="0">
  <testcase name="TestPedidosYa" time="6.751" classname="TestMail.TestSpam"/>
</testsuite> <!-- TestMail.TestSpam -->
