<?xml version="1.0" encoding="UTF-8"?>
<!-- Generated by org.testng.reporters.JUnitReportReporter -->
<testsuite skipped="0" hostname="test-Latitude-E5520" name="mail.gmailPage" tests="1" failures="0" timestamp="22 mar 2018 21:37:57 GMT" time="47.348" errors="0">
  <testcase name="subjectList" time="47.348" classname="mail.gmailPage"/>
</testsuite> <!-- mail.gmailPage -->
