<?xml version="1.0" encoding="UTF-8"?>
<!-- Generated by org.testng.reporters.JUnitReportReporter -->
<testsuite skipped="0" hostname="Sakura" name="test.PedidosYa.TestRealizarPedido" tests="1" failures="0" timestamp="23 Mar 2018 04:12:21 GMT" time="107.985" errors="0">
  <testcase name="realizarCompra" time="107.985" classname="test.PedidosYa.TestRealizarPedido"/>
</testsuite> <!-- test.PedidosYa.TestRealizarPedido -->
