<?xml version="1.0" encoding="UTF-8"?>
<!-- Generated by org.testng.reporters.JUnitReportReporter -->
<testsuite skipped="0" hostname="Sakura" name="test.PedidosYa.TestRealizarPedido" tests="1" failures="0" timestamp="22 Mar 2018 20:03:09 GMT" time="75.129" errors="0">
  <testcase name="realizarCompra" time="75.129" classname="test.PedidosYa.TestRealizarPedido"/>
</testsuite> <!-- test.PedidosYa.TestRealizarPedido -->
