<?xml version="1.0" encoding="UTF-8"?>
<!-- Generated by org.testng.reporters.JUnitReportReporter -->
<testsuite skipped="0" hostname="test-Latitude-E5520" name="test.PedidosYa.TestRealizarPedido" tests="1" failures="0" timestamp="21 mar 2018 22:59:13 GMT" time="33.736" errors="0">
  <testcase name="realizarCompra" time="33.736" classname="test.PedidosYa.TestRealizarPedido"/>
</testsuite> <!-- test.PedidosYa.TestRealizarPedido -->
