<?xml version="1.0" encoding="UTF-8"?>
<!-- Generated by org.testng.reporters.JUnitReportReporter -->
<testsuite skipped="0" hostname="test-Latitude-E5520" name="test.PedidosYa.TestRealizarPedido" tests="1" failures="0" timestamp="23 mar 2018 21:07:59 GMT" time="30.800" errors="0">
  <testcase name="realizarCompra" time="30.800" classname="test.PedidosYa.TestRealizarPedido"/>
</testsuite> <!-- test.PedidosYa.TestRealizarPedido -->
