<?xml version="1.0" encoding="UTF-8"?>
<!-- Generated by org.testng.reporters.JUnitReportReporter -->
<testsuite skipped="0" hostname="SD300817-VAIO" name="com.ejercicioMl.MercadoCompareElements" tests="1" failures="0" timestamp="19 Mar 2018 16:09:46 GMT" time="119.328" errors="0">
  <testcase name="mercado" time="119.328" classname="com.ejercicioMl.MercadoCompareElements"/>
</testsuite> <!-- com.ejercicioMl.MercadoCompareElements -->
