<?xml version="1.0" encoding="UTF-8"?>
<!-- Generated by org.testng.reporters.JUnitReportReporter -->
<testsuite hostname="test-Latitude-E5520" name="com.MercadoMl.MercadoCompareElements" tests="1" failures="0" timestamp="19 Mar 2018 22:39:16 GMT" time="82.175" errors="0">
  <testcase name="mercado" time="82.175" classname="com.MercadoMl.MercadoCompareElements"/>
</testsuite> <!-- com.MercadoMl.MercadoCompareElements -->
