<?xml version="1.0" encoding="UTF-8"?>
<!-- Generated by org.testng.reporters.JUnitReportReporter -->
<testsuite skipped="0" hostname="test-Latitude-E5520" name="automation_bootcamp_2.e_mail.TestCorreo" tests="1" failures="0" timestamp="23 mar 2018 00:09:59 GMT" time="21.041" errors="0">
  <testcase name="IngresarCorreo" time="21.041" classname="automation_bootcamp_2.e_mail.TestCorreo"/>
</testsuite> <!-- automation_bootcamp_2.e_mail.TestCorreo -->
