<?xml version="1.0" encoding="UTF-8"?>
<!-- Generated by org.testng.reporters.JUnitReportReporter -->
<testsuite hostname="test-Latitude-E5520" name="com.PedidosYa.FlagList" tests="1" failures="0" timestamp="21 Mar 2018 23:48:32 GMT" time="5.051" errors="0">
  <testcase name="flagList" time="5.051" classname="com.PedidosYa.FlagList"/>
</testsuite> <!-- com.PedidosYa.FlagList -->
