<?xml version="1.0" encoding="UTF-8"?>
<!-- Generated by org.testng.reporters.JUnitReportReporter -->
<testsuite skipped="0" hostname="test-Latitude-E5520" name="com.globant.bootcamp.TestValidarDatosPedido" tests="1" failures="0" timestamp="21 mar 2018 22:16:03 GMT" time="15.633" errors="0">
  <testcase name="ValidarDatos" time="15.633" classname="com.globant.bootcamp.TestValidarDatosPedido"/>
</testsuite> <!-- com.globant.bootcamp.TestValidarDatosPedido -->
