<?xml version="1.0" encoding="UTF-8"?>
<!-- Generated by org.testng.reporters.JUnitReportReporter -->
<testsuite skipped="0" hostname="Camila" name="com.globant.bootcamp.TestValidarDatosPedido" tests="1" failures="0" timestamp="23 mar 2018 18:07:45 GMT" time="52.664" errors="0">
  <testcase name="ValidarDatos" time="52.664" classname="com.globant.bootcamp.TestValidarDatosPedido"/>
</testsuite> <!-- com.globant.bootcamp.TestValidarDatosPedido -->
