<?xml version="1.0" encoding="UTF-8"?>
<!-- Generated by org.testng.reporters.JUnitReportReporter -->
<testsuite hostname="test-Latitude-E5520" name="com.PedidosYa.TestPedidosYa" tests="1" failures="0" timestamp="19 Mar 2018 23:55:08 GMT" time="59.204" errors="0">
  <testcase name="makeOrder" time="59.204" classname="com.PedidosYa.TestPedidosYa"/>
</testsuite> <!-- com.PedidosYa.TestPedidosYa -->
