<?xml version="1.0" encoding="UTF-8"?>
<!-- Generated by org.testng.reporters.JUnitReportReporter -->
<testsuite hostname="test-Latitude-E5520" name="com.PedidosYa.TestPedidosYa" tests="1" failures="0" timestamp="21 Mar 2018 21:55:56 GMT" time="106.282" errors="0">
  <testcase name="makeOrder" time="106.282" classname="com.PedidosYa.TestPedidosYa"/>
</testsuite> <!-- com.PedidosYa.TestPedidosYa -->
