<?xml version="1.0" encoding="UTF-8"?>
<!-- Generated by org.testng.reporters.JUnitReportReporter -->
<testsuite hostname="test-Latitude-E5520" name="com.PedidosYa.TestPedidosYa" tests="1" failures="0" timestamp="20 Mar 2018 21:12:52 GMT" time="70.607" errors="0">
  <testcase name="makeOrder" time="70.607" classname="com.PedidosYa.TestPedidosYa"/>
</testsuite> <!-- com.PedidosYa.TestPedidosYa -->
