<?xml version="1.0" encoding="UTF-8"?>
<!-- Generated by org.testng.reporters.JUnitReportReporter -->
<testsuite skipped="0" hostname="test-Latitude-E5520" name="com.globant.automation.FlagsTest" tests="1" failures="0" timestamp="21 mar 2018 23:47:51 GMT" time="9.523" errors="0">
  <testcase name="flagsTest" time="9.523" classname="com.globant.automation.FlagsTest"/>
</testsuite> <!-- com.globant.automation.FlagsTest -->
