<?xml version="1.0" encoding="UTF-8"?>
<!-- Generated by org.testng.reporters.JUnitReportReporter -->
<testsuite skipped="0" hostname="test-Latitude-E5520" name="com.globant.automation.PedidosYaTest" tests="1" failures="0" timestamp="19 mar 2018 23:23:56 GMT" time="3.128" errors="0">
  <testcase name="a" time="3.128" classname="com.globant.automation.PedidosYaTest"/>
</testsuite> <!-- com.globant.automation.PedidosYaTest -->
