<?xml version="1.0" encoding="UTF-8"?>
<!-- Generated by org.testng.reporters.JUnitReportReporter -->
<testsuite skipped="0" hostname="Gonzalo-HP" name="com.globant.automation.PedidosYaTest" tests="1" failures="0" timestamp="20 mar 2018 19:31:44 GMT" time="16.980" errors="0">
  <testcase name="testPedidosYa" time="16.980" classname="com.globant.automation.PedidosYaTest"/>
</testsuite> <!-- com.globant.automation.PedidosYaTest -->
