<?xml version="1.0" encoding="UTF-8"?>
<!-- Generated by org.testng.reporters.JUnitReportReporter -->
<testsuite skipped="0" hostname="Gonzalo-HP" name="com.globant.automation.PedidosYaTest" tests="5" failures="0" timestamp="21 mar 2018 04:56:25 GMT" time="99.243" errors="0">
  <testcase name="testPedidosYa" time="18.417" classname="com.globant.automation.PedidosYaTest"/>
  <testcase name="testPedidosYa" time="19.951" classname="com.globant.automation.PedidosYaTest"/>
  <testcase name="testPedidosYa" time="21.534" classname="com.globant.automation.PedidosYaTest"/>
  <testcase name="testPedidosYa" time="19.493" classname="com.globant.automation.PedidosYaTest"/>
  <testcase name="testPedidosYa" time="19.848" classname="com.globant.automation.PedidosYaTest"/>
</testsuite> <!-- com.globant.automation.PedidosYaTest -->
