<?xml version="1.0" encoding="UTF-8"?>
<!-- Generated by org.testng.reporters.JUnitReportReporter -->
<testsuite skipped="0" hostname="DESKTOP-1MICR9D" name="PedidosYa.TESTLOGIN" tests="1" failures="0" timestamp="23 mar 2018 03:41:11 GMT" time="21.158" errors="0">
  <testcase name="normalTest" time="21.158" classname="PedidosYa.TESTLOGIN"/>
</testsuite> <!-- PedidosYa.TESTLOGIN -->
