<?xml version="1.0" encoding="UTF-8"?>
<!-- Generated by org.testng.reporters.JUnitReportReporter -->
<testsuite skipped="0" hostname="test-Latitude-E5520" name="com.globant.automation.GoogleTest" tests="3" failures="0" timestamp="15 mar 2018 23:35:05 GMT" time="34.979" errors="0">
  <testcase name="searchTest4" time="11.132" classname="com.globant.automation.GoogleTest"/>
  <testcase name="searchTest4" time="10.591" classname="com.globant.automation.GoogleTest"/>
  <testcase name="searchTest4" time="13.256" classname="com.globant.automation.GoogleTest"/>
</testsuite> <!-- com.globant.automation.GoogleTest -->
