<?xml version="1.0" encoding="UTF-8"?>
<!-- Generated by org.testng.reporters.JUnitReportReporter -->
<testsuite skipped="0" hostname="Sakura" name="test.pedidos.ya.TestRealizarPedido" tests="1" failures="0" timestamp="20 Mar 2018 17:49:26 GMT" time="45.788" errors="0">
  <testcase name="realizarCompra" time="45.788" classname="test.pedidos.ya.TestRealizarPedido"/>
</testsuite> <!-- test.pedidos.ya.TestRealizarPedido -->
