<?xml version="1.0" encoding="UTF-8"?>
<!-- Generated by org.testng.reporters.JUnitReportReporter -->
<testsuite skipped="0" hostname="test-Latitude-E5520" name="com.globant.automation.PedidosYaTest" tests="1" failures="0" timestamp="21 mar 2018 00:08:54 GMT" time="52.125" errors="0">
  <testcase name="testPedidosYa" time="52.125" classname="com.globant.automation.PedidosYaTest"/>
</testsuite> <!-- com.globant.automation.PedidosYaTest -->
