<?xml version="1.0" encoding="UTF-8"?>
<!-- Generated by org.testng.reporters.JUnitReportReporter -->
<testsuite skipped="0" hostname="test-Latitude-E5520" name="com.globant.automation.comparoBusqueda" tests="2" failures="0" timestamp="16 mar 2018 22:07:17 GMT" time="10.676" errors="0">
  <testcase name="searchTest" time="0.637" classname="com.globant.automation.comparoBusqueda"/>
  <testcase name="comparoBusquedas" time="10.039" classname="com.globant.automation.comparoBusqueda"/>
</testsuite> <!-- com.globant.automation.comparoBusqueda -->
