<?xml version="1.0" encoding="UTF-8"?>
<!-- Generated by org.testng.reporters.JUnitReportReporter -->
<testsuite skipped="0" hostname="Gonzalo-HP" name="com.globant.automation.GoogleTest" tests="1" failures="0" timestamp="18 mar 2018 07:36:18 GMT" time="15.153" errors="0">
  <testcase name="testNewtour" time="15.153" classname="com.globant.automation.GoogleTest"/>
</testsuite> <!-- com.globant.automation.GoogleTest -->
