<?xml version="1.0" encoding="UTF-8"?>
<!-- Generated by org.testng.reporters.JUnitReportReporter -->
<testsuite skipped="0" hostname="DESKTOP-1MICR9D" name="com.globant.automation.GoogleBingTestPage" tests="1" failures="0" timestamp="18 mar 2018 22:55:04 GMT" time="47.120" errors="0">
  <testcase name="searchGoogleBing" time="47.120" classname="com.globant.automation.GoogleBingTestPage"/>
</testsuite> <!-- com.globant.automation.GoogleBingTestPage -->
