<?xml version="1.0" encoding="UTF-8"?>
<!-- Generated by org.testng.reporters.JUnitReportReporter -->
<testsuite skipped="0" hostname="Asus" name="com.globant.automation.PedidosYaTest" tests="1" failures="0" timestamp="23 mar 2018 03:27:23 GMT" time="62.152" errors="0">
  <testcase name="testPedidosYa" time="62.152" classname="com.globant.automation.PedidosYaTest"/>
</testsuite> <!-- com.globant.automation.PedidosYaTest -->
