<?xml version="1.0" encoding="UTF-8"?>
<!-- Generated by org.testng.reporters.JUnitReportReporter -->
<testsuite skipped="0" hostname="MSI" name="Ejercicio2.MercadolibreTest" tests="1" failures="0" timestamp="19 mar 2018 17:59:16 GMT" time="10.150" errors="0">
  <testcase name="PublicacionTest" time="10.150" classname="Ejercicio2.MercadolibreTest"/>
</testsuite> <!-- Ejercicio2.MercadolibreTest -->
