<?xml version="1.0" encoding="UTF-8"?>
<!-- Generated by org.testng.reporters.JUnitReportReporter -->
<testsuite skipped="0" hostname="test-Latitude-E5520" name="test.pedidos.ya.TestRealizarPedido" tests="1" failures="0" timestamp="21 mar 2018 21:11:30 GMT" time="25.950" errors="0">
  <testcase name="realizarCompra" time="25.950" classname="test.pedidos.ya.TestRealizarPedido"/>
</testsuite> <!-- test.pedidos.ya.TestRealizarPedido -->
