<?xml version="1.0" encoding="UTF-8"?>
<!-- Generated by org.testng.reporters.JUnitReportReporter -->
<testsuite skipped="0" hostname="test-Latitude-E5520" name="com.globant.automation.MercadoLibreHome" tests="1" failures="0" timestamp="19 mar 2018 22:51:51 GMT" time="6.029" errors="0">
  <testcase name="compareData" time="6.029" classname="com.globant.automation.MercadoLibreHome"/>
</testsuite> <!-- com.globant.automation.MercadoLibreHome -->
