<?xml version="1.0" encoding="UTF-8"?>
<!-- Generated by org.testng.reporters.JUnitReportReporter -->
<testsuite skipped="0" hostname="DESKTOP-1MICR9D" name="PedidosYa.PedidosYaTestPage" tests="1" failures="0" timestamp="23 mar 2018 15:01:27 GMT" time="57.924" errors="0">
  <testcase name="normalTest" time="57.924" classname="PedidosYa.PedidosYaTestPage"/>
</testsuite> <!-- PedidosYa.PedidosYaTestPage -->
