<?xml version="1.0" encoding="UTF-8"?>
<!-- Generated by org.testng.reporters.JUnitReportReporter -->
<testsuite skipped="0" hostname="Sakura" name="test.pedidos.ya.TestRealizarPedido" tests="1" failures="0" timestamp="20 Mar 2018 20:09:10 GMT" time="42.696" errors="0">
  <testcase name="realizarCompra" time="42.696" classname="test.pedidos.ya.TestRealizarPedido"/>
</testsuite> <!-- test.pedidos.ya.TestRealizarPedido -->
