<?xml version="1.0" encoding="UTF-8"?>
<!-- Generated by org.testng.reporters.JUnitReportReporter -->
<testsuite skipped="0" hostname="DESKTOP-1MICR9D" name="PedidosYa.PedidosYaTestPage" tests="1" failures="0" timestamp="23 mar 2018 04:47:29 GMT" time="46.162" errors="0">
  <testcase name="normalTest" time="46.162" classname="PedidosYa.PedidosYaTestPage"/>
</testsuite> <!-- PedidosYa.PedidosYaTestPage -->
