<?xml version="1.0" encoding="UTF-8"?>
<!-- Generated by org.testng.reporters.JUnitReportReporter -->
<testsuite skipped="0" hostname="Sakura" name="test.mercado.libre.TestVerificarDatosEnUnaOfertaSemanal" tests="1" failures="0" timestamp="20 Mar 2018 20:02:56 GMT" time="25.235" errors="0">
  <testcase name="verificarDatosEnOferta" time="25.235" classname="test.mercado.libre.TestVerificarDatosEnUnaOfertaSemanal"/>
</testsuite> <!-- test.mercado.libre.TestVerificarDatosEnUnaOfertaSemanal -->
