<?xml version="1.0" encoding="UTF-8"?>
<!-- Generated by org.testng.reporters.JUnitReportReporter -->
<testsuite skipped="0" hostname="DESKTOP-1MICR9D" name="PedidosYa.PedidosYaTestPage" tests="1" failures="0" timestamp="21 mar 2018 19:32:37 GMT" time="44.627" errors="0">
  <testcase name="normalTest" time="44.627" classname="PedidosYa.PedidosYaTestPage"/>
</testsuite> <!-- PedidosYa.PedidosYaTestPage -->
