<?xml version="1.0" encoding="UTF-8"?>
<!-- Generated by org.testng.reporters.JUnitReportReporter -->
<testsuite skipped="0" hostname="test-Latitude-E5520" name="com.globant.automation.GoogleTest" tests="3" failures="0" timestamp="16 mar 2018 19:00:05 GMT" time="21.002" errors="0">
  <testcase name="searchTest" time="10.047" classname="com.globant.automation.GoogleTest"/>
  <testcase name="searchTest" time="5.345" classname="com.globant.automation.GoogleTest"/>
  <testcase name="searchTest" time="5.610" classname="com.globant.automation.GoogleTest"/>
</testsuite> <!-- com.globant.automation.GoogleTest -->
