<?xml version="1.0" encoding="UTF-8"?>
<!-- Generated by org.testng.reporters.JUnitReportReporter -->
<testsuite skipped="0" hostname="test-Latitude-E5520" name="test.compare.results.CompareResultCase" tests="1" failures="0" timestamp="19 mar 2018 21:09:40 GMT" time="12.731" errors="0">
  <testcase name="comparoBusquedas" time="12.731" classname="test.compare.results.CompareResultCase"/>
</testsuite> <!-- test.compare.results.CompareResultCase -->
