<?xml version="1.0" encoding="UTF-8"?>
<!-- Generated by org.testng.reporters.JUnitReportReporter -->
<testsuite skipped="0" hostname="test-Latitude-E5520" name="com.globant.automation.browserStackTest" tests="1" failures="0" timestamp="16 mar 2018 21:30:10 GMT" time="20.074" errors="0">
  <testcase name="testBrowserStack" time="20.074" classname="com.globant.automation.browserStackTest"/>
</testsuite> <!-- com.globant.automation.browserStackTest -->
