<?xml version="1.0" encoding="UTF-8"?>
<!-- Generated by org.testng.reporters.JUnitReportReporter -->
<testsuite skipped="0" hostname="test-Latitude-E5520" name="test.pedidos.ya.TestRealizarPedido" tests="1" failures="0" timestamp="20 mar 2018 23:43:15 GMT" time="37.648" errors="0">
  <testcase name="realizarCompra" time="37.648" classname="test.pedidos.ya.TestRealizarPedido"/>
</testsuite> <!-- test.pedidos.ya.TestRealizarPedido -->
