<?xml version="1.0" encoding="UTF-8"?>
<!-- Generated by org.testng.reporters.JUnitReportReporter -->
<testsuite skipped="0" hostname="test-Latitude-E5520" name="TestPedidosYa.PedidosYaTest" tests="1" failures="0" timestamp="22 mar 2018 21:11:03 GMT" time="46.403" errors="0">
  <testcase name="TestPedidosYa" time="46.403" classname="TestPedidosYa.PedidosYaTest"/>
</testsuite> <!-- TestPedidosYa.PedidosYaTest -->
