<?xml version="1.0" encoding="UTF-8"?>
<!-- Generated by org.testng.reporters.JUnitReportReporter -->
<testsuite skipped="0" hostname="Asus" name="com.globant.automation.PedidosYaTest" tests="1" failures="0" timestamp="22 mar 2018 16:20:02 GMT" time="38.926" errors="0">
  <testcase name="testPedidosYa" time="38.926" classname="com.globant.automation.PedidosYaTest"/>
</testsuite> <!-- com.globant.automation.PedidosYaTest -->
