<?xml version="1.0" encoding="UTF-8"?>
<!-- Generated by org.testng.reporters.JUnitReportReporter -->
<testsuite skipped="0" hostname="Asus" name="com.globant.automation.PedidosYaTest" tests="1" failures="0" timestamp="23 mar 2018 16:12:26 GMT" time="49.371" errors="0">
  <testcase name="testPedidosYa" time="49.371" classname="com.globant.automation.PedidosYaTest"/>
</testsuite> <!-- com.globant.automation.PedidosYaTest -->
