<?xml version="1.0" encoding="UTF-8"?>
<!-- Generated by org.testng.reporters.JUnitReportReporter -->
<testsuite skipped="0" hostname="test-Latitude-E5520" name="com.globant.automation.CorreoSpamTest" tests="1" failures="0" timestamp="23 mar 2018 00:29:01 GMT" time="39.647" errors="0">
  <testcase name="testML" time="39.647" classname="com.globant.automation.CorreoSpamTest"/>
</testsuite> <!-- com.globant.automation.CorreoSpamTest -->
