<?xml version="1.0" encoding="UTF-8"?>
<!-- Generated by org.testng.reporters.JUnitReportReporter -->
<testsuite skipped="0" hostname="Sakura" name="test.compare.results.CompareResultCase" tests="1" failures="0" timestamp="19 Mar 2018 20:35:22 GMT" time="25.447" errors="0">
  <testcase name="comparoBusquedas" time="25.447" classname="test.compare.results.CompareResultCase"/>
</testsuite> <!-- test.compare.results.CompareResultCase -->
