<?xml version="1.0" encoding="UTF-8"?>
<!-- Generated by org.testng.reporters.JUnitReportReporter -->
<testsuite skipped="0" hostname="Gonzalo-HP" name="com.globant.automation.MercadoLibreTest" tests="1" failures="0" timestamp="19 mar 2018 17:31:14 GMT" time="13.718" errors="0">
  <testcase name="test" time="13.718" classname="com.globant.automation.MercadoLibreTest"/>
</testsuite> <!-- com.globant.automation.MercadoLibreTest -->
