<?xml version="1.0" encoding="UTF-8"?>
<!-- Generated by org.testng.reporters.JUnitReportReporter -->
<testsuite skipped="0" hostname="Asus" name="com.globant.automation.CorreoTest" tests="1" failures="0" timestamp="23 mar 2018 04:07:06 GMT" time="48.440" errors="0">
  <testcase name="testML" time="48.440" classname="com.globant.automation.CorreoTest"/>
</testsuite> <!-- com.globant.automation.CorreoTest -->
