<?xml version="1.0" encoding="UTF-8"?>
<!-- Generated by org.testng.reporters.JUnitReportReporter -->
<testsuite skipped="0" hostname="test-Latitude-E5520" name="PedidosYa.PedidosYaTestPage" tests="1" failures="0" timestamp="21 mar 2018 00:00:57 GMT" time="17.362" errors="0">
  <testcase name="normalTest" time="17.362" classname="PedidosYa.PedidosYaTestPage"/>
</testsuite> <!-- PedidosYa.PedidosYaTestPage -->
