<?xml version="1.0" encoding="UTF-8"?>
<!-- Generated by org.testng.reporters.JUnitReportReporter -->
<testsuite skipped="0" hostname="Sakura" name="test.mercado.libre.TestVerificarDatosEnUnaOfertaSemanal" tests="1" failures="0" timestamp="19 Mar 2018 20:34:06 GMT" time="42.098" errors="0">
  <testcase name="verificarDatosEnOferta" time="42.098" classname="test.mercado.libre.TestVerificarDatosEnUnaOfertaSemanal"/>
</testsuite> <!-- test.mercado.libre.TestVerificarDatosEnUnaOfertaSemanal -->
