<?xml version="1.0" encoding="UTF-8"?>
<!-- Generated by org.testng.reporters.JUnitReportReporter -->
<testsuite skipped="0" hostname="test-Latitude-E5520" name="com.globant.automation.browserStackTest" tests="1" failures="0" timestamp="15 mar 2018 22:16:27 GMT" time="21.166" errors="0">
  <testcase name="testBrowserStack" time="21.166" classname="com.globant.automation.browserStackTest"/>
</testsuite> <!-- com.globant.automation.browserStackTest -->
