<?xml version="1.0" encoding="UTF-8"?>
<!-- Generated by org.testng.reporters.JUnitReportReporter -->
<testsuite skipped="0" hostname="test-Latitude-E5520" name="com.globant.automation.PedidosYaTest" tests="1" failures="0" timestamp="21 mar 2018 22:35:56 GMT" time="81.721" errors="0">
  <testcase name="testPedidosYa" time="81.721" classname="com.globant.automation.PedidosYaTest"/>
</testsuite> <!-- com.globant.automation.PedidosYaTest -->
