<?xml version="1.0" encoding="UTF-8"?>
<!-- Generated by org.testng.reporters.JUnitReportReporter -->
<testsuite skipped="0" hostname="test-Latitude-E5520" name="com.globant.automation.GoogleTest" tests="3" failures="0" timestamp="15 mar 2018 22:52:40 GMT" time="29.835" errors="0">
  <testcase name="searchTest" time="11.982" classname="com.globant.automation.GoogleTest"/>
  <testcase name="searchTest" time="9.033" classname="com.globant.automation.GoogleTest"/>
  <testcase name="searchTest" time="8.820" classname="com.globant.automation.GoogleTest"/>
</testsuite> <!-- com.globant.automation.GoogleTest -->
