<?xml version="1.0" encoding="UTF-8"?>
<!-- Generated by org.testng.reporters.JUnitReportReporter -->
<testsuite skipped="0" hostname="test-Latitude-E5520" name="com.globant.automation.GoogleTest" tests="4" failures="0" timestamp="15 mar 2018 23:41:04 GMT" time="17.345" errors="0">
  <testcase name="busquedasGoogle" time="3.929" classname="com.globant.automation.GoogleTest"/>
  <testcase name="searchTest" time="2.785" classname="com.globant.automation.GoogleTest"/>
  <testcase name="busquedasGoogle" time="4.453" classname="com.globant.automation.GoogleTest"/>
  <testcase name="busquedasGoogle" time="6.178" classname="com.globant.automation.GoogleTest"/>
</testsuite> <!-- com.globant.automation.GoogleTest -->
