<?xml version="1.0" encoding="UTF-8"?>
<!-- Generated by org.testng.reporters.JUnitReportReporter -->
<testsuite skipped="0" hostname="Asus" name="com.globant.automation.PedidosYaTest" tests="1" failures="0" timestamp="23 mar 2018 19:06:18 GMT" time="39.093" errors="0">
  <testcase name="testPedidosYa" time="39.093" classname="com.globant.automation.PedidosYaTest"/>
</testsuite> <!-- com.globant.automation.PedidosYaTest -->
