<?xml version="1.0" encoding="UTF-8"?>
<!-- Generated by org.testng.reporters.JUnitReportReporter -->
<testsuite skipped="0" hostname="test-Latitude-E5520" name="com.globant.automation.CorreoTest" tests="1" failures="0" timestamp="22 mar 2018 23:11:03 GMT" time="65.438" errors="0">
  <testcase name="testML" time="65.438" classname="com.globant.automation.CorreoTest"/>
</testsuite> <!-- com.globant.automation.CorreoTest -->
