<?xml version="1.0" encoding="UTF-8"?>
<!-- Generated by org.testng.reporters.JUnitReportReporter -->
<testsuite skipped="0" hostname="test-Latitude-E5520" name="Mail.MailTest" tests="1" failures="0" timestamp="22 mar 2018 23:55:06 GMT" time="16.662" errors="0">
  <testcase name="normalTest" time="16.662" classname="Mail.MailTest"/>
</testsuite> <!-- Mail.MailTest -->
