<?xml version="1.0" encoding="UTF-8"?>
<!-- Generated by org.testng.reporters.JUnitReportReporter -->
<testsuite skipped="0" hostname="test-Latitude-E5520" name="com.globant.automation.GoogleVsBingTest" tests="5" failures="0" timestamp="19 mar 2018 22:53:54 GMT" time="87.496" errors="1">
  <testcase name="metodoTestGvsB" time="12.912" classname="com.globant.automation.GoogleVsBingTest"/>
  <testcase name="metodoTestGvsB" time="20.502" classname="com.globant.automation.GoogleVsBingTest">
    <error type="java.lang.NullPointerException">
      <![CDATA[java.lang.NullPointerException
at org.openqa.selenium.remote.RemoteWebElement.isDisplayed(RemoteWebElement.java:323)
at org.openqa.selenium.support.ui.ExpectedConditions$8.apply(ExpectedConditions.java:234)
at org.openqa.selenium.support.ui.ExpectedConditions$8.apply(ExpectedConditions.java:229)
at org.openqa.selenium.support.ui.FluentWait.until(FluentWait.java:248)
at com.globant.automation.SeleniumUtils.WaitUntilVisibilityList(SeleniumUtils.java:19)
at com.globant.automation.GoogleSearchResult.<init>(GoogleSearchResult.java:20)
at com.globant.automation.GoogleMain.search(GoogleMain.java:32)
at com.globant.automation.GoogleVsBingTest.metodoTestGvsB(GoogleVsBingTest.java:30)
at sun.reflect.NativeMethodAccessorImpl.invoke0(Native Method)
at sun.reflect.NativeMethodAccessorImpl.invoke(NativeMethodAccessorImpl.java:62)
at sun.reflect.DelegatingMethodAccessorImpl.invoke(DelegatingMethodAccessorImpl.java:43)
at java.lang.reflect.Method.invoke(Method.java:498)
at org.testng.internal.MethodInvocationHelper.invokeMethod(MethodInvocationHelper.java:124)
at org.testng.internal.Invoker.invokeMethod(Invoker.java:580)
at org.testng.internal.Invoker.invokeTestMethod(Invoker.java:716)
at org.testng.internal.Invoker.invokeTestMethods(Invoker.java:988)
at org.testng.internal.TestMethodWorker.invokeTestMethods(TestMethodWorker.java:125)
at org.testng.internal.TestMethodWorker.run(TestMethodWorker.java:109)
at org.testng.TestRunner.privateRun(TestRunner.java:648)
at org.testng.TestRunner.run(TestRunner.java:505)
at org.testng.SuiteRunner.runTest(SuiteRunner.java:455)
at org.testng.SuiteRunner.runSequentially(SuiteRunner.java:450)
at org.testng.SuiteRunner.privateRun(SuiteRunner.java:415)
at org.testng.SuiteRunner.run(SuiteRunner.java:364)
at org.testng.SuiteRunnerWorker.runSuite(SuiteRunnerWorker.java:52)
at org.testng.SuiteRunnerWorker.run(SuiteRunnerWorker.java:84)
at org.testng.TestNG.runSuitesSequentially(TestNG.java:1208)
at org.testng.TestNG.runSuitesLocally(TestNG.java:1137)
at org.testng.TestNG.runSuites(TestNG.java:1049)
at org.testng.TestNG.run(TestNG.java:1017)
at org.testng.remote.AbstractRemoteTestNG.run(AbstractRemoteTestNG.java:114)
at org.testng.remote.RemoteTestNG.initAndRun(RemoteTestNG.java:251)
at org.testng.remote.RemoteTestNG.main(RemoteTestNG.java:77)
]]>
    </error>
  </testcase> <!-- metodoTestGvsB -->
  <testcase name="metodoTestGvsB" time="17.352" classname="com.globant.automation.GoogleVsBingTest"/>
  <testcase name="metodoTestGvsB" time="17.366" classname="com.globant.automation.GoogleVsBingTest"/>
  <testcase name="metodoTestGvsB" time="19.364" classname="com.globant.automation.GoogleVsBingTest"/>
</testsuite> <!-- com.globant.automation.GoogleVsBingTest -->
