<?xml version="1.0" encoding="UTF-8"?>
<!-- Generated by org.testng.reporters.JUnitReportReporter -->
<testsuite skipped="0" hostname="test-Latitude-E5520" name="com.globant.automation.GoogleTest" tests="3" failures="0" timestamp="15 mar 2018 23:51:19 GMT" time="50.957" errors="0">
  <testcase name="searchTest" time="18.482" classname="com.globant.automation.GoogleTest"/>
  <testcase name="searchTest" time="19.806" classname="com.globant.automation.GoogleTest"/>
  <testcase name="searchTest" time="12.669" classname="com.globant.automation.GoogleTest"/>
</testsuite> <!-- com.globant.automation.GoogleTest -->
