<?xml version="1.0" encoding="UTF-8"?>
<!-- Generated by org.testng.reporters.JUnitReportReporter -->
<testsuite skipped="0" hostname="test-Latitude-E5520" name="TestMail.TestMail" tests="1" failures="0" timestamp="22 mar 2018 23:55:24 GMT" time="14.098" errors="0">
  <testcase name="TestPedidosYa" time="14.098" classname="TestMail.TestMail"/>
</testsuite> <!-- TestMail.TestMail -->
