<?xml version="1.0" encoding="UTF-8"?>
<!-- Generated by org.testng.reporters.JUnitReportReporter -->
<testsuite skipped="0" hostname="MacBook-Pro.local" name="com.globant.automation.GoogleTest" tests="3" failures="0" timestamp="16 Mar 2018 06:02:29 GMT" time="13.381" errors="0">
  <testcase name="searchTest" time="6.100" classname="com.globant.automation.GoogleTest"/>
  <testcase name="searchTest" time="3.408" classname="com.globant.automation.GoogleTest"/>
  <testcase name="searchTest" time="3.873" classname="com.globant.automation.GoogleTest"/>
</testsuite> <!-- com.globant.automation.GoogleTest -->
