<?xml version="1.0" encoding="UTF-8"?>
<!-- Generated by org.testng.reporters.JUnitReportReporter -->
<testsuite skipped="0" hostname="test-Latitude-E5520" name="com.globant.automation.GoogleTest" tests="1" failures="0" timestamp="16 mar 2018 22:02:09 GMT" time="10.161" errors="0">
  <testcase name="searchTest4" time="10.161" classname="com.globant.automation.GoogleTest"/>
</testsuite> <!-- com.globant.automation.GoogleTest -->
